2025-08-07 16:34:11.280 - DBeaver 22.2.1.202209251341 is starting
2025-08-07 16:34:11.281 - OS: Windows 10 10.0 (amd64)
2025-08-07 16:34:11.281 - Java version: 11.0.12 by Eclipse Foundation (64bit)
2025-08-07 16:34:11.281 - Install path: 'D:\gb_0900_kmk\dbms\resource\dbeaver'
2025-08-07 16:34:11.281 - Instance path: 'file:/D:/gb_0900_kmk/dbms/workspace/'
2025-08-07 16:34:11.281 - Memory available 64Mb/1024Mb
2025-08-07 16:34:11.289 - Create display
2025-08-07 16:34:11.367 - Initializing DBeaver 22.2.1
2025-08-07 16:34:11.368 - Host plugin: org.jkiss.dbeaver.ui.app.standalone 22.2.1.202209251341
2025-08-07 16:34:11.368 - Initialize desktop platform...
2025-08-07 16:34:11.456 - BounceCastle bundle found. Use JCE provider BC
> Start Core File Systems [org.eclipse.core.filesystem 1.9.400.v20220419-0658]
> Start Core Resource Management [org.eclipse.core.resources 3.17.0.v20220517-0751]
> Start DBeaver UI Navigator [org.jkiss.dbeaver.ui.navigator 1.0.90.202209251341]
> Start 팀 지원 핵심 [org.eclipse.team.core 3.9.400.v20220511-1440]
2025-08-07 16:34:11.599 - Initialize base platform...
> Start Expression Language [org.eclipse.core.expressions 3.8.100.v20210910-0640]
2025-08-07 16:34:11.608 - Platform initialized (240ms)
> Start DBeaver UI Editors - Base [org.jkiss.dbeaver.ui.editors.base 1.0.90.202209251341]
2025-08-07 16:34:11.614 - Starting RMI server at 35881
2025-08-07 16:34:11.916 - Run workbench
> Start Eclipse e4 작업영역 SWT [org.eclipse.e4.ui.workbench.swt 0.16.500.v20220506-1520]
> Start Eclipse Application Services [org.eclipse.e4.core.services 2.3.200.v20220513-1235]
> Start Eclipse UI Application Services [org.eclipse.e4.ui.services 1.5.0.v20210115-1333]
> Start EMF XML/XMI Persistence [org.eclipse.emf.ecore.xmi 2.16.0.v20190528-0725]
> Start Eclipse CSS SWT Theme Support [org.eclipse.e4.ui.css.swt.theme 0.13.100.v20220310-1056]
> Start Eclipse e4 작업영역 기능 추가 [org.eclipse.e4.ui.workbench.addons.swt 1.4.400.v20211102-0453]
> Start Eclipse e4 작업영역 SWT 렌더러 [org.eclipse.e4.ui.workbench.renderers.swt 0.15.500.v20220511-1638]
> Start Eclipse Bindings Support [org.eclipse.e4.ui.bindings 0.13.100.v20210722-1426]
> Start Eclipse Dependency Injection Extensions [org.eclipse.e4.core.di.extensions 0.17.100.v20210910-0640]
> Start Eclipse CSS SWT Support [org.eclipse.e4.ui.css.swt 0.14.500.v20220511-1639]
> Start DBeaver UI [org.jkiss.dbeaver.ui 5.1.105.202209251341]
> Start Java Native Access [com.sun.jna 5.8.0.v20210503-0343]
Warning: NLS unused message: BlockedJobsDialog_UserInterfaceTreeElement in: org.eclipse.ui.internal.progress.messages
2025-08-07 16:34:12.984 - Configure workbench window
> Start 도움말 시스템 코어 [org.eclipse.help 3.9.100.v20210721-0601]
2025-08-07 16:34:13.048 - Create actions
2025-08-07 16:34:13.052 - Disable Eclipse action set 'org.eclipse.ui.edit.text.actionSet.annotationNavigation'
2025-08-07 16:34:13.053 - Disable Eclipse action set 'org.eclipse.ui.WorkingSetActionSet'
2025-08-07 16:34:13.053 - Disable Eclipse action set 'org.eclipse.ui.actionSet.openFiles'
2025-08-07 16:34:13.347 - Initialize workbench window
2025-08-07 16:34:13.351 - Finish initialization
> Start 기본 문서 편집기 [org.eclipse.ui.editors 3.14.300.v20210913-0815]
> Start 텍스트 편집기 프레임워크 [org.eclipse.ui.workbench.texteditor 3.16.500.v20220331-0848]
> Start DBeaver UI Editors - Data [org.jkiss.dbeaver.ui.editors.data 1.0.90.202209251341]
> Start DBeaver SQL Model [org.jkiss.dbeaver.model.sql 1.0.80.202209251341]
Warning: NLS unused message: actions_navigator__objects in: org.jkiss.dbeaver.ui.editors.sql.internal.SQLEditorMessages
> Start DBeaver UI Editors - SQL [org.jkiss.dbeaver.ui.editors.sql 1.0.90.202209251341]
> Start 핵심 비교 지원 [org.eclipse.compare.core 3.7.0.v20220513-0551]
> Start Equinox Java Authentication and Authorization Service (JAAS) [org.eclipse.equinox.security 1.3.900.v20220108-1321]
> Start 인터넷 연결 관리 사용자 인터페이스 [org.eclipse.ui.net 1.4.0.v20210426-0838]
> Start Internet Connection Management [org.eclipse.core.net 1.3.1200.v20220312-1450]
2025-08-07 16:34:14.894 - Total database drivers: 100 (100)
> Start DBeaver Sample Database [org.jkiss.dbeaver.ext.sample.database 1.0.127.202209251341]
> Start DBeaver Tip of the day [org.jkiss.dbeaver.ext.ui.tipoftheday 1.0.96.202209251341]
> Start Draw2d [org.eclipse.draw2dl 3.12.100.20220905153936]
> Start GEF3 GEF (MVC) [org.eclipse.gef3 3.12.100.20220905153936]
> Start DBeaver ERD UI [org.jkiss.dbeaver.erd.ui 3.0.50.202209251341]
> Start DBeaver ERD Model [org.jkiss.dbeaver.erd.model 1.0.50.202209251341]
> Start 콘솔 [org.eclipse.ui.console 3.11.200.v20220324-0630]
Warning: NLS unused message: InputStreamMonitor_label in: org.eclipse.debug.internal.core.DebugCoreMessages
Warning: NLS unused message: OutputStreamMonitor_label in: org.eclipse.debug.internal.core.DebugCoreMessages
> Start 디버그 핵심 [org.eclipse.debug.core 3.19.100.v20220324-0630]
2025-08-07 16:34:15.615 - Connect with 'localhost' (mysql8-197ce97ed45-202893c067cf6f07)
> Start DBeaver MySQL Support [org.jkiss.dbeaver.ext.mysql 2.1.175.202209251341]
2025-08-07 16:34:15.642 - Execution context opened (localhost; Main; 0)
> Start DBeaver GIS Support [org.jkiss.dbeaver.data.gis 1.0.114.202209251341]
2025-08-07 16:34:15.807 - Execution context opened (localhost; Metadata; 1)
2025-08-07 16:34:15.857 - Connected (mysql8-197ce97ed45-202893c067cf6f07, MySQL Connector/J [mysql-connector-java-8.0.29 (Revision: dd61577595edad45c398af508cf91ad26fc4144f)])
2025-08-07 16:34:15.872 - Execution context opened (localhost; SQLEditor <ddl.sql>; 2)
2025-08-07 16:34:57.489 - Connect with 'localhost' (mysql8-197e299d2b7-676dc841c322f535)
2025-08-07 16:34:57.489 - Execution context opened (localhost; Main; 3)
2025-08-07 16:34:57.495 - Execution context opened (localhost; Metadata; 4)
2025-08-07 16:34:57.518 - Connected (mysql8-197e299d2b7-676dc841c322f535, MySQL Connector/J [mysql-connector-java-8.0.29 (Revision: dd61577595edad45c398af508cf91ad26fc4144f)])
2025-08-07 16:34:57.531 - Execution context opened (localhost; SQLEditor <dml.sql>; 5)
2025-08-07 16:35:08.118 - SQL Error [1046] [3D000]: No database selected
org.jkiss.dbeaver.model.sql.DBSQLException: SQL Error [1046] [3D000]: No database selected
	at org.jkiss.dbeaver.model.impl.jdbc.exec.JDBCStatementImpl.executeStatement(JDBCStatementImpl.java:133)
	at org.jkiss.dbeaver.ui.editors.sql.execute.SQLQueryJob.executeStatement(SQLQueryJob.java:577)
	at org.jkiss.dbeaver.ui.editors.sql.execute.SQLQueryJob.lambda$1(SQLQueryJob.java:486)
	at org.jkiss.dbeaver.model.exec.DBExecUtils.tryExecuteRecover(DBExecUtils.java:172)
	at org.jkiss.dbeaver.ui.editors.sql.execute.SQLQueryJob.executeSingleQuery(SQLQueryJob.java:493)
	at org.jkiss.dbeaver.ui.editors.sql.execute.SQLQueryJob.extractData(SQLQueryJob.java:894)
	at org.jkiss.dbeaver.ui.editors.sql.SQLEditor$QueryResultsContainer.readData(SQLEditor.java:3647)
	at org.jkiss.dbeaver.ui.controls.resultset.ResultSetJobDataRead.lambda$0(ResultSetJobDataRead.java:123)
	at org.jkiss.dbeaver.model.exec.DBExecUtils.tryExecuteRecover(DBExecUtils.java:172)
	at org.jkiss.dbeaver.ui.controls.resultset.ResultSetJobDataRead.run(ResultSetJobDataRead.java:121)
	at org.jkiss.dbeaver.ui.controls.resultset.ResultSetViewer$ResultSetDataPumpJob.run(ResultSetViewer.java:4949)
	at org.jkiss.dbeaver.model.runtime.AbstractJob.run(AbstractJob.java:105)
	at org.eclipse.core.internal.jobs.Worker.run(Worker.java:63)
Caused by: java.sql.SQLException: No database selected
	at com.mysql.cj.jdbc.exceptions.SQLError.createSQLException(SQLError.java:129)
	at com.mysql.cj.jdbc.exceptions.SQLExceptionsMapping.translateException(SQLExceptionsMapping.java:122)
	at com.mysql.cj.jdbc.StatementImpl.executeInternal(StatementImpl.java:763)
	at com.mysql.cj.jdbc.StatementImpl.execute(StatementImpl.java:648)
	at org.jkiss.dbeaver.model.impl.jdbc.exec.JDBCStatementImpl.execute(JDBCStatementImpl.java:329)
	at org.jkiss.dbeaver.model.impl.jdbc.exec.JDBCStatementImpl.lambda$0(JDBCStatementImpl.java:131)
	at org.jkiss.dbeaver.utils.SecurityManagerUtils.wrapDriverActions(SecurityManagerUtils.java:96)
	at org.jkiss.dbeaver.model.impl.jdbc.exec.JDBCStatementImpl.executeStatement(JDBCStatementImpl.java:131)
	... 12 more
2025-08-07 16:38:26.048 - Table 'dml.tbl_trip' not found in metadata catalog
2025-08-07 16:38:26.049 - Table 'dml.tbl_student' not found in metadata catalog
2025-08-07 16:38:58.992 - Table 'dml.tbl_class' not found in metadata catalog
2025-08-07 16:38:58.993 - Table 'dml.tbl_class' not found in metadata catalog
2025-08-07 16:39:00.485 - Table 'dml.tbl_student' not found in metadata catalog
2025-08-07 16:39:00.486 - Table 'dml.tbl_student' not found in metadata catalog
2025-08-07 16:39:00.486 - Table 'dml.tbl_student' not found in metadata catalog
2025-08-07 16:39:00.486 - Table 'dml.tbl_student' not found in metadata catalog
2025-08-07 16:39:00.486 - Table 'dml.tbl_student' not found in metadata catalog
2025-08-07 16:39:00.486 - Table 'dml.tbl_student' not found in metadata catalog
2025-08-07 16:39:02.688 - Table 'dml.tbl_teacher' not found in metadata catalog
2025-08-07 16:39:02.688 - Table 'dml.tbl_teacher' not found in metadata catalog
2025-08-07 16:39:02.689 - Table 'dml.tbl_teacher' not found in metadata catalog
2025-08-07 16:39:02.689 - Table 'dml.tbl_teacher' not found in metadata catalog
2025-08-07 16:39:02.689 - Table 'dml.tbl_teacher' not found in metadata catalog
2025-08-07 16:39:02.689 - Table 'dml.tbl_teacher' not found in metadata catalog
2025-08-07 16:39:07.495 - Table 'dml.tbl_student' not found in metadata catalog
2025-08-07 16:39:07.496 - Table 'dml.tbl_class' not found in metadata catalog
2025-08-07 16:39:17.069 - Table 'dml.tbl_student' not found in metadata catalog
2025-08-07 16:39:17.070 - Table 'dml.tbl_class' not found in metadata catalog
2025-08-07 16:49:57.883 - Execution context closed (localhost, 2)
2025-08-07 16:49:57.930 - Execution context closed (localhost, 5)
2025-08-07 16:49:58.137 - DBeaver is stopping
2025-08-07 16:49:58.138 - Stop RMI server
2025-08-07 16:49:58.140 - RMI controller has been stopped
2025-08-07 16:49:58.142 - DBeaver shutdown completed
